[34m2023-01-12 00:57:39.721 IST 0001 INFO[0m [nodeCmd] [34;1mserve[0m -> Starting peer:
 Version: 2.4.7
 Commit SHA: df9c661
 Go version: go1.18.7
 OS/Arch: linux/amd64
 Chaincode:
  Base Docker Label: org.hyperledger.fabric
  Docker Namespace: hyperledger
[34m2023-01-12 00:57:39.721 IST 0002 INFO[0m [peer] [34;1mgetLocalAddress[0m -> Auto-detected peer address: 192.168.1.8:8051
[34m2023-01-12 00:57:39.721 IST 0003 INFO[0m [peer] [34;1mgetLocalAddress[0m -> Returning localhost:8051
[34m2023-01-12 00:57:39.742 IST 0004 INFO[0m [deliveryClient] [34;1mloadDeliverServiceConfig[0m -> peer.deliveryclient.blockGossipEnabled is not set, defaulting to true.
[34m2023-01-12 00:57:39.742 IST 0005 INFO[0m [certmonitor] [34;1mtrackCertExpiration[0m -> The enrollment certificate will expire on 2024-01-11 19:27:00 +0000 UTC
[34m2023-01-12 00:57:39.742 IST 0006 INFO[0m [ledgermgmt] [34;1mNewLedgerMgr[0m -> Initializing LedgerMgr
[34m2023-01-12 00:57:39.773 IST 0007 INFO[0m [leveldbhelper] [34;1mopenDBAndCheckFormat[0m -> DB is empty Setting db format as 2.0
[34m2023-01-12 00:57:39.775 IST 0008 INFO[0m [blkstorage] [34;1mNewProvider[0m -> Creating new file ledger directory at /home/priyanku/Desktop/major-project/ArogyaChain/client/client/mohfw/peer2/ledger/ledgersData/chains/chains
[34m2023-01-12 00:57:39.797 IST 0009 INFO[0m [leveldbhelper] [34;1mopenDBAndCheckFormat[0m -> DB is empty Setting db format as 2.0
[34m2023-01-12 00:57:39.828 IST 000a INFO[0m [leveldbhelper] [34;1mopenDBAndCheckFormat[0m -> DB is empty Setting db format as 2.0
[34m2023-01-12 00:57:39.833 IST 000b INFO[0m [ledgermgmt] [34;1mNewLedgerMgr[0m -> Initialized LedgerMgr
[34m2023-01-12 00:57:39.834 IST 000c INFO[0m [gossip.service] [34;1mNew[0m -> Initialize gossip with endpoint localhost:8051
[34m2023-01-12 00:57:39.835 IST 000d INFO[0m [gossip.gossip] [34;1mNew[0m -> Creating gossip service with self membership of Endpoint: 127.0.0.1:9111, InternalEndpoint: localhost:8051, PKI-ID: 28ea7f2aee39aed18715991db83b8a17c5eb901d55cdc4035d8d8075ed0eb10e, Metadata: 
[34m2023-01-12 00:57:39.835 IST 000e INFO[0m [gossip.gossip] [34;1mstart[0m -> Gossip instance localhost:8051 started
[34m2023-01-12 00:57:39.835 IST 000f INFO[0m [lifecycle] [34;1mInitializeLocalChaincodes[0m -> Initialized lifecycle cache with 0 already installed chaincodes
[34m2023-01-12 00:57:39.836 IST 0010 INFO[0m [nodeCmd] [34;1mcomputeChaincodeEndpoint[0m -> Entering computeChaincodeEndpoint with peerHostname: localhost
[34m2023-01-12 00:57:39.836 IST 0011 INFO[0m [nodeCmd] [34;1mcomputeChaincodeEndpoint[0m -> Exit with ccEndpoint: localhost:8052
[34m2023-01-12 00:57:39.838 IST 0012 INFO[0m [sccapi] [34;1mDeploySysCC[0m -> deploying system chaincode 'lscc'
[34m2023-01-12 00:57:39.838 IST 0013 INFO[0m [sccapi] [34;1mDeploySysCC[0m -> deploying system chaincode 'cscc'
[34m2023-01-12 00:57:39.838 IST 0014 INFO[0m [sccapi] [34;1mDeploySysCC[0m -> deploying system chaincode 'qscc'
[34m2023-01-12 00:57:39.838 IST 0015 INFO[0m [sccapi] [34;1mDeploySysCC[0m -> deploying system chaincode '_lifecycle'
[34m2023-01-12 00:57:39.838 IST 0016 INFO[0m [nodeCmd] [34;1mserve[0m -> Deployed system chaincodes
[34m2023-01-12 00:57:39.839 IST 0017 INFO[0m [discovery] [34;1mNewService[0m -> Created with config TLS: false, authCacheMaxSize: 1000, authCachePurgeRatio: 0.750000
[34m2023-01-12 00:57:39.839 IST 0018 INFO[0m [nodeCmd] [34;1mserve[0m -> Discovery service activated
[34m2023-01-12 00:57:39.839 IST 0019 INFO[0m [nodeCmd] [34;1mserve[0m -> Starting peer with Gateway enabled
[34m2023-01-12 00:57:39.839 IST 001a INFO[0m [nodeCmd] [34;1mserve[0m -> Starting peer with ID=[peer2], network ID=[dev], address=[localhost:8051]
[34m2023-01-12 00:57:39.839 IST 001b INFO[0m [nodeCmd] [34;1mserve[0m -> Started peer with ID=[peer2], network ID=[dev], address=[localhost:8051]
[34m2023-01-12 00:57:39.839 IST 001c INFO[0m [kvledger] [34;1mLoadPreResetHeight[0m -> Loading prereset height from path [/home/priyanku/Desktop/major-project/ArogyaChain/client/client/mohfw/peer2/ledger/ledgersData/chains]
[34m2023-01-12 00:57:39.839 IST 001d INFO[0m [blkstorage] [34;1mpreResetHtFiles[0m -> No active channels passed
[34m2023-01-12 00:59:07.220 IST 001e INFO[0m [endorser] [34;1mcallChaincode[0m -> finished chaincode: cscc duration: 0ms channel= txID=dd38eba7
[34m2023-01-12 00:59:07.220 IST 001f INFO[0m [comm.grpc.server] [34;1m1[0m -> unary call completed grpc.service=protos.Endorser grpc.method=ProcessProposal grpc.peer_address=127.0.0.1:56298 grpc.code=OK grpc.call_duration=855.248µs
[34m2023-01-12 00:59:47.074 IST 0020 INFO[0m [comm.grpc.server] [34;1m1[0m -> streaming call completed grpc.service=protos.Deliver grpc.method=Deliver grpc.peer_address=127.0.0.1:52142 grpc.code=OK grpc.call_duration=272.254µs
[34m2023-01-12 01:01:12.188 IST 0021 INFO[0m [ledgermgmt] [34;1mCreateLedger[0m -> Creating ledger [arogyaehrchannel] with genesis block
[34m2023-01-12 01:01:12.193 IST 0022 INFO[0m [blkstorage] [34;1mnewBlockfileMgr[0m -> Getting block information from block storage
[34m2023-01-12 01:01:12.209 IST 0023 INFO[0m [kvledger] [34;1mcommit[0m -> [arogyaehrchannel] Committed block [0] with 1 transaction(s) in 11ms (state_validation=0ms block_and_pvtdata_commit=6ms state_commit=2ms) commitHash=[]
[34m2023-01-12 01:01:12.209 IST 0024 INFO[0m [kvledger] [34;1mupdateLedgerStatus[0m -> Updating ledger [arogyaehrchannel] status to [ACTIVE]
[34m2023-01-12 01:01:12.211 IST 0025 INFO[0m [ledgermgmt] [34;1mCreateLedger[0m -> Created ledger [arogyaehrchannel] with genesis block
[34m2023-01-12 01:01:12.213 IST 0026 INFO[0m [gossip.gossip] [34;1mJoinChan[0m -> Joining gossip network of channel arogyaehrchannel with 4 organizations
[34m2023-01-12 01:01:12.213 IST 0027 INFO[0m [gossip.gossip] [34;1mlearnAnchorPeers[0m -> No configured anchor peers of Hosp2MSP for channel arogyaehrchannel to learn about
[34m2023-01-12 01:01:12.213 IST 0028 INFO[0m [gossip.gossip] [34;1mlearnAnchorPeers[0m -> No configured anchor peers of Hosp3MSP for channel arogyaehrchannel to learn about
[34m2023-01-12 01:01:12.213 IST 0029 INFO[0m [gossip.gossip] [34;1mlearnAnchorPeers[0m -> No configured anchor peers of MohfwMSP for channel arogyaehrchannel to learn about
[34m2023-01-12 01:01:12.213 IST 002a INFO[0m [gossip.gossip] [34;1mlearnAnchorPeers[0m -> No configured anchor peers of Hosp1MSP for channel arogyaehrchannel to learn about
[34m2023-01-12 01:01:12.213 IST 002b INFO[0m [gateway] [34;1mconfigUpdate[0m -> Updating orderer config channel=arogyaehrchannel
[34m2023-01-12 01:01:12.213 IST 002c INFO[0m [gossip.state] [34;1mNewGossipStateProvider[0m -> Updating metadata information for channel arogyaehrchannel, current ledger sequence is at = 0, next expected block is = 1
[34m2023-01-12 01:01:12.214 IST 002d INFO[0m [endorser] [34;1mcallChaincode[0m -> finished chaincode: cscc duration: 27ms channel= txID=3bde34d9
[34m2023-01-12 01:01:12.214 IST 002e INFO[0m [comm.grpc.server] [34;1m1[0m -> unary call completed grpc.service=protos.Endorser grpc.method=ProcessProposal grpc.peer_address=127.0.0.1:49000 grpc.code=OK grpc.call_duration=28.052064ms
[34m2023-01-12 01:01:17.213 IST 002f INFO[0m [gossip.channel] [34;1mreportMembershipChanges[0m -> [[arogyaehrchannel] Membership view has changed. peers went online:  [[127.0.0.1:9111 localhost:7051]] , current view:  [[127.0.0.1:9111 localhost:7051]]]
[34m2023-01-12 01:01:18.215 IST 0030 INFO[0m [gossip.election] [34;1mbeLeader[0m -> 28ea7f2aee39aed18715991db83b8a17c5eb901d55cdc4035d8d8075ed0eb10e : Becoming a leader
[34m2023-01-12 01:01:18.215 IST 0031 INFO[0m [gossip.service] [34;1mfunc1[0m -> Elected as a leader, starting delivery service for channel arogyaehrchannel
[34m2023-01-12 01:01:18.215 IST 0032 INFO[0m [deliveryClient] [34;1mStartDeliverForChannel[0m -> This peer will retrieve blocks from ordering service and disseminate to other peers in the organization channel=arogyaehrchannel
[34m2023-01-12 01:01:18.216 IST 0033 INFO[0m [peer.blocksprovider] [34;1mDeliverBlocks[0m -> Pulling next blocks from ordering service channel=arogyaehrchannel orderer-address=localhost:7050 nextBlock=1
[34m2023-01-12 01:01:37.790 IST 0034 INFO[0m [endorser] [34;1mcallChaincode[0m -> finished chaincode: cscc duration: 0ms channel= txID=edc869be
[34m2023-01-12 01:01:37.790 IST 0035 INFO[0m [comm.grpc.server] [34;1m1[0m -> unary call completed grpc.service=protos.Endorser grpc.method=ProcessProposal grpc.peer_address=127.0.0.1:53914 grpc.code=OK grpc.call_duration=578.123µs
[34m2023-01-12 01:02:44.397 IST 0036 INFO[0m [nodeCmd] [34;1mfunc1[0m -> Received signal: 15 (terminated)
[34m2023-01-12 01:02:44.397 IST 0037 INFO[0m [gossip.service] [34;1mStop[0m -> Stopping chain arogyaehrchannel
[34m2023-01-12 01:02:44.397 IST 0038 INFO[0m [gossip.service] [34;1mStop[0m -> Stopping leader election for arogyaehrchannel
[34m2023-01-12 01:02:44.397 IST 0039 INFO[0m [gossip.gossip] [34;1mStop[0m -> Stopping gossip
[34m2023-01-12 01:02:44.397 IST 003a INFO[0m [gossip.discovery] [34;1mStop[0m -> Stopping
[34m2023-01-12 01:02:44.397 IST 003b INFO[0m [gossip.discovery] [34;1mStop[0m -> Stopped
[34m2023-01-12 01:02:44.397 IST 003c INFO[0m [gossip.comm] [34;1mStop[0m -> Stopping
[33m2023-01-12 01:02:44.397 IST 003d WARN[0m [peer.blocksprovider] [33;1mfunc1[0m -> Encountered an error reading from deliver stream: rpc error: code = Canceled desc = context canceled channel=arogyaehrchannel orderer-address=localhost:7050
[34m2023-01-12 01:02:44.397 IST 003e INFO[0m [gossip.comm] [34;1mStop[0m -> Stopped
[34m2023-01-12 01:02:44.397 IST 003f INFO[0m [gossip.election] [34;1mstopBeingLeader[0m -> 28ea7f2aee39aed18715991db83b8a17c5eb901d55cdc4035d8d8075ed0eb10e Stopped being a leader
[34m2023-01-12 01:02:44.397 IST 0040 INFO[0m [gossip.service] [34;1mfunc1[0m -> Renounced leadership, stopping delivery service for channel arogyaehrchannel
[31m2023-01-12 01:02:44.397 IST 0041 ERRO[0m [deliveryClient] [31;1mStopDeliverForChannel[0m -> Delivery service is stopping, cannot stop delivery for channel arogyaehrchannel
[31m2023-01-12 01:02:44.398 IST 0042 ERRO[0m [gossip.service] [31;1mfunc1[0m -> Delivery service is not able to stop blocks delivery for chain, due to Delivery service is stopping, cannot stop delivery for channel arogyaehrchannel
