[34m2023-03-08 23:36:35.506 IST 0001 INFO[0m [nodeCmd] [34;1mserve[0m -> Starting peer:
 Version: 2.4.7
 Commit SHA: df9c661
 Go version: go1.18.7
 OS/Arch: linux/amd64
 Chaincode:
  Base Docker Label: org.hyperledger.fabric
  Docker Namespace: hyperledger
[34m2023-03-08 23:36:35.506 IST 0002 INFO[0m [peer] [34;1mgetLocalAddress[0m -> Auto-detected peer address: 172.16.38.12:54000
[34m2023-03-08 23:36:35.507 IST 0003 INFO[0m [peer] [34;1mgetLocalAddress[0m -> Returning localhost:54000
[34m2023-03-08 23:36:35.572 IST 0004 INFO[0m [deliveryClient] [34;1mloadDeliverServiceConfig[0m -> peer.deliveryclient.blockGossipEnabled is not set, defaulting to true.
[34m2023-03-08 23:36:35.573 IST 0005 INFO[0m [certmonitor] [34;1mtrackCertExpiration[0m -> The enrollment certificate will expire on 2024-02-13 15:35:00 +0000 UTC
[34m2023-03-08 23:36:35.574 IST 0006 INFO[0m [ledgermgmt] [34;1mNewLedgerMgr[0m -> Initializing LedgerMgr
[34m2023-03-08 23:36:35.845 IST 0007 INFO[0m [ledgermgmt] [34;1mNewLedgerMgr[0m -> Initialized LedgerMgr
[34m2023-03-08 23:36:35.846 IST 0008 INFO[0m [gossip.service] [34;1mNew[0m -> Initialize gossip with endpoint localhost:54000
[34m2023-03-08 23:36:35.846 IST 0009 INFO[0m [gossip.gossip] [34;1mNew[0m -> Creating gossip service with self membership of Endpoint: 127.0.0.1:9111, InternalEndpoint: localhost:54000, PKI-ID: e2fec1c2ae42a041e56cb1c6bd1302aff8f858cdcb6ce4a4bc6de68088483866, Metadata: 
[34m2023-03-08 23:36:35.846 IST 000a INFO[0m [gossip.gossip] [34;1mstart[0m -> Gossip instance localhost:54000 started
[34m2023-03-08 23:36:35.889 IST 000b INFO[0m [lifecycle] [34;1mInitializeLocalChaincodes[0m -> Initialized lifecycle cache with 22 already installed chaincodes
[34m2023-03-08 23:36:35.890 IST 000c INFO[0m [nodeCmd] [34;1mcomputeChaincodeEndpoint[0m -> Entering computeChaincodeEndpoint with peerHostname: localhost
[34m2023-03-08 23:36:35.890 IST 000d INFO[0m [nodeCmd] [34;1mcomputeChaincodeEndpoint[0m -> Exit with ccEndpoint: localhost:54001
[34m2023-03-08 23:36:35.891 IST 000e INFO[0m [sccapi] [34;1mDeploySysCC[0m -> deploying system chaincode 'lscc'
[34m2023-03-08 23:36:35.892 IST 000f INFO[0m [sccapi] [34;1mDeploySysCC[0m -> deploying system chaincode 'cscc'
[34m2023-03-08 23:36:35.892 IST 0010 INFO[0m [sccapi] [34;1mDeploySysCC[0m -> deploying system chaincode 'qscc'
[34m2023-03-08 23:36:35.892 IST 0011 INFO[0m [sccapi] [34;1mDeploySysCC[0m -> deploying system chaincode '_lifecycle'
[34m2023-03-08 23:36:35.892 IST 0012 INFO[0m [nodeCmd] [34;1mserve[0m -> Deployed system chaincodes
[34m2023-03-08 23:36:35.892 IST 0013 INFO[0m [peer] [34;1mInitialize[0m -> Loading chain arogyaehrchannel
[34m2023-03-08 23:36:35.892 IST 0014 INFO[0m [ledgermgmt] [34;1mOpenLedger[0m -> Opening ledger with id = arogyaehrchannel
[34m2023-03-08 23:36:35.897 IST 0015 INFO[0m [lifecycle] [34;1mupdate[0m -> Updating cached definition for chaincode 'accessControl_1_3' on channel 'arogyaehrchannel'
[34m2023-03-08 23:36:35.897 IST 0016 INFO[0m [lifecycle] [34;1mupdate[0m -> Chaincode with package ID 'accessControl_1_3:6649dc3e6a0b4925f57a6bbb655ffec115bab60b19e7c55dae0b4de56a96c777' now available on channel arogyaehrchannel for chaincode definition accessControl_1_3:1_3
[34m2023-03-08 23:36:35.897 IST 0017 INFO[0m [lifecycle] [34;1mupdate[0m -> Updating cached definition for chaincode 'medicalRecord_1_9' on channel 'arogyaehrchannel'
[34m2023-03-08 23:36:35.897 IST 0018 INFO[0m [lifecycle] [34;1mupdate[0m -> Chaincode with package ID 'medicalRecord_1_9:92ceabcb48a7b19ba4f1ad124f8d6e9fadac6e63371f433ed3c9c4495385b009' now available on channel arogyaehrchannel for chaincode definition medicalRecord_1_9:1_9
[34m2023-03-08 23:36:35.897 IST 0019 INFO[0m [lifecycle] [34;1mupdate[0m -> Updating cached definition for chaincode 'medicalRecord_1_8' on channel 'arogyaehrchannel'
[34m2023-03-08 23:36:35.897 IST 001a INFO[0m [lifecycle] [34;1mupdate[0m -> Chaincode with package ID 'medicalRecord_1_8:38b151012658f5ff1194055bd1c5f2c667efcda3b3474038530ec5f4fbc650b6' now available on channel arogyaehrchannel for chaincode definition medicalRecord_1_8:1_8
[34m2023-03-08 23:36:35.897 IST 001b INFO[0m [lifecycle] [34;1mupdate[0m -> Updating cached definition for chaincode 'accessControl_1_7' on channel 'arogyaehrchannel'
[34m2023-03-08 23:36:35.897 IST 001c INFO[0m [lifecycle] [34;1mupdate[0m -> Chaincode with package ID 'accessControl_1_7:1c3835a7b03dc6149401f8b9fb89af476bc4f7a8c74d20e7ecff4a325151f36a' now available on channel arogyaehrchannel for chaincode definition accessControl_1_7:1_7
[34m2023-03-08 23:36:35.897 IST 001d INFO[0m [lifecycle] [34;1mupdate[0m -> Updating cached definition for chaincode 'medicalRecord_2_0' on channel 'arogyaehrchannel'
[34m2023-03-08 23:36:35.897 IST 001e INFO[0m [lifecycle] [34;1mupdate[0m -> Chaincode with package ID 'medicalRecord_2_0:0ff632e520333b219f36ec96858a7bb36284dee33173a07e458bfe69de829f1e' now available on channel arogyaehrchannel for chaincode definition medicalRecord_2_0:2_0
[34m2023-03-08 23:36:35.897 IST 001f INFO[0m [lifecycle] [34;1mupdate[0m -> Updating cached definition for chaincode 'medicalRecord' on channel 'arogyaehrchannel'
[34m2023-03-08 23:36:35.897 IST 0020 INFO[0m [lifecycle] [34;1mupdate[0m -> Chaincode with package ID 'medicalRecord-1.0:dfde34148e420399c197f11f9a140b20e0d0a4bf0c6e7714afbd765d70aadf26' now available on channel arogyaehrchannel for chaincode definition medicalRecord:1.0
[34m2023-03-08 23:36:35.897 IST 0021 INFO[0m [lifecycle] [34;1mupdate[0m -> Updating cached definition for chaincode 'accessControl_1_5' on channel 'arogyaehrchannel'
[34m2023-03-08 23:36:35.898 IST 0022 INFO[0m [lifecycle] [34;1mupdate[0m -> Chaincode with package ID 'accessControl_1_5:b38b7bd307f0feb8e9b5bf011df4db5133b2af14994fa01b5e4b546bc22d2e15' now available on channel arogyaehrchannel for chaincode definition accessControl_1_5:1_5
[34m2023-03-08 23:36:35.898 IST 0023 INFO[0m [lifecycle] [34;1mupdate[0m -> Updating cached definition for chaincode 'medicalRecord_1_7' on channel 'arogyaehrchannel'
[34m2023-03-08 23:36:35.898 IST 0024 INFO[0m [lifecycle] [34;1mupdate[0m -> Chaincode with package ID 'medicalRecord_1_7:1d43810fd5b9f3dc47db50adfc986db0336cecf463f986fa5fce5b0908e58227' now available on channel arogyaehrchannel for chaincode definition medicalRecord_1_7:1_7
[34m2023-03-08 23:36:35.898 IST 0025 INFO[0m [lifecycle] [34;1mupdate[0m -> Updating cached definition for chaincode 'accessControl_1_4' on channel 'arogyaehrchannel'
[34m2023-03-08 23:36:35.898 IST 0026 INFO[0m [lifecycle] [34;1mupdate[0m -> Chaincode with package ID 'accessControl_1_4:1da9586aebf3d6a5bb307bb38d5d0e2020e226095b5ef985eaa78b8bd7f751a8' now available on channel arogyaehrchannel for chaincode definition accessControl_1_4:1_4
[34m2023-03-08 23:36:35.898 IST 0027 INFO[0m [lifecycle] [34;1mupdate[0m -> Updating cached definition for chaincode 'accessControl_2_1' on channel 'arogyaehrchannel'
[34m2023-03-08 23:36:35.898 IST 0028 INFO[0m [lifecycle] [34;1mupdate[0m -> Chaincode with package ID 'accessControl_2_1:8ec54a9203acfa520e69f142cad58d327d5ac74885fd5b8422ff612a7d9e7202' now available on channel arogyaehrchannel for chaincode definition accessControl_2_1:2_1
[34m2023-03-08 23:36:35.898 IST 0029 INFO[0m [lifecycle] [34;1mupdate[0m -> Updating cached definition for chaincode 'medicalRecord_1_5' on channel 'arogyaehrchannel'
[34m2023-03-08 23:36:35.898 IST 002a INFO[0m [lifecycle] [34;1mupdate[0m -> Chaincode with package ID 'medicalRecord_1_5:7b1c064d305b6640d926b248167ba3dde2733eee63bc66b4a3fd94ccbd8e4993' now available on channel arogyaehrchannel for chaincode definition medicalRecord_1_5:1_5
[34m2023-03-08 23:36:35.898 IST 002b INFO[0m [lifecycle] [34;1mupdate[0m -> Updating cached definition for chaincode 'accessControl_2_2' on channel 'arogyaehrchannel'
[34m2023-03-08 23:36:35.898 IST 002c INFO[0m [lifecycle] [34;1mupdate[0m -> Chaincode with package ID 'accessControl_2_3:f67bbc0713c68403ff38a7ea9d5cff776a624ac76b015a880635d795ab19ff95' now available on channel arogyaehrchannel for chaincode definition accessControl_2_2:2_2
[34m2023-03-08 23:36:35.898 IST 002d INFO[0m [lifecycle] [34;1mupdate[0m -> Updating cached definition for chaincode 'medicalRecord_1_6' on channel 'arogyaehrchannel'
[34m2023-03-08 23:36:35.898 IST 002e INFO[0m [lifecycle] [34;1mupdate[0m -> Chaincode with package ID 'medicalRecord_1_6:6ff61bf3d2cd58881488d8f773d9bca5e308ad9a9460ac8484136bed25ad550e' now available on channel arogyaehrchannel for chaincode definition medicalRecord_1_6:1_6
[34m2023-03-08 23:36:35.898 IST 002f INFO[0m [lifecycle] [34;1mupdate[0m -> Updating cached definition for chaincode 'medicalRecord_2_1' on channel 'arogyaehrchannel'
[34m2023-03-08 23:36:35.898 IST 0030 INFO[0m [lifecycle] [34;1mupdate[0m -> Chaincode with package ID 'medicalRecord_2_2:b1c2bb8f96c6dc4fe7e4a33652b80bf6bf15dd6b4b58829aff68d96dfe49af94' now available on channel arogyaehrchannel for chaincode definition medicalRecord_2_1:2_1
[34m2023-03-08 23:36:35.898 IST 0031 INFO[0m [lifecycle] [34;1mupdate[0m -> Updating cached definition for chaincode 'accessControl_1_6' on channel 'arogyaehrchannel'
[34m2023-03-08 23:36:35.898 IST 0032 INFO[0m [lifecycle] [34;1mupdate[0m -> Chaincode with package ID 'accessControl_1_6:d839d4b0791416bbbf908bd3850e2a522536da9fc9e9edfba7ce4169a86bf249' now available on channel arogyaehrchannel for chaincode definition accessControl_1_6:1_6
[34m2023-03-08 23:36:35.898 IST 0033 INFO[0m [lifecycle] [34;1mupdate[0m -> Updating cached definition for chaincode 'medicalRecord_1_4' on channel 'arogyaehrchannel'
[34m2023-03-08 23:36:35.898 IST 0034 INFO[0m [lifecycle] [34;1mupdate[0m -> Chaincode with package ID 'medicalRecord_1_4:cd35de01c50a0597586644841924a52db797a7cfc252cdb0c7197f59c6be8f9e' now available on channel arogyaehrchannel for chaincode definition medicalRecord_1_4:1_4
[34m2023-03-08 23:36:35.898 IST 0035 INFO[0m [kvledger] [34;1mrecommitLostBlocks[0m -> Recommitting lost blocks - firstBlockNum=84, lastBlockNum=85, recoverables=[]kvledger.recoverable{(*txmgr.LockBasedTxMgr)(0xc000362f80)}
[34m2023-03-08 23:36:35.906 IST 0036 INFO[0m [kvledger] [34;1mrecommitLostBlocks[0m -> Recommitted lost blocks - firstBlockNum=84, lastBlockNum=85, recoverables=[]kvledger.recoverable{(*txmgr.LockBasedTxMgr)(0xc000362f80)}
[34m2023-03-08 23:36:35.910 IST 0037 INFO[0m [ledgermgmt] [34;1mOpenLedger[0m -> Opened ledger with id = arogyaehrchannel
[34m2023-03-08 23:36:35.913 IST 0038 INFO[0m [gossip.gossip] [34;1mJoinChan[0m -> Joining gossip network of channel arogyaehrchannel with 4 organizations
[34m2023-03-08 23:36:35.913 IST 0039 INFO[0m [gossip.gossip] [34;1mlearnAnchorPeers[0m -> No configured anchor peers of Hosp1MSP for channel arogyaehrchannel to learn about
[34m2023-03-08 23:36:35.913 IST 003a INFO[0m [gossip.gossip] [34;1mlearnAnchorPeers[0m -> No configured anchor peers of Hosp2MSP for channel arogyaehrchannel to learn about
[34m2023-03-08 23:36:35.913 IST 003b INFO[0m [gossip.gossip] [34;1mlearnAnchorPeers[0m -> No configured anchor peers of Hosp3MSP for channel arogyaehrchannel to learn about
[34m2023-03-08 23:36:35.913 IST 003c INFO[0m [gossip.gossip] [34;1mlearnAnchorPeers[0m -> No configured anchor peers of MohfwMSP for channel arogyaehrchannel to learn about
[34m2023-03-08 23:36:35.913 IST 003d INFO[0m [gossip.state] [34;1mNewGossipStateProvider[0m -> Updating metadata information for channel arogyaehrchannel, current ledger sequence is at = 85, next expected block is = 86
[34m2023-03-08 23:36:35.913 IST 003e INFO[0m [discovery] [34;1mNewService[0m -> Created with config TLS: false, authCacheMaxSize: 1000, authCachePurgeRatio: 0.750000
[34m2023-03-08 23:36:35.913 IST 003f INFO[0m [nodeCmd] [34;1mserve[0m -> Discovery service activated
[34m2023-03-08 23:36:35.913 IST 0040 INFO[0m [nodeCmd] [34;1mserve[0m -> Starting peer with Gateway enabled
[34m2023-03-08 23:36:35.913 IST 0041 INFO[0m [nodeCmd] [34;1mserve[0m -> Starting peer with ID=[hosp2-peer1], network ID=[dev], address=[localhost:54000]
[34m2023-03-08 23:36:35.913 IST 0042 INFO[0m [nodeCmd] [34;1mserve[0m -> Started peer with ID=[hosp2-peer1], network ID=[dev], address=[localhost:54000]
[34m2023-03-08 23:36:35.913 IST 0043 INFO[0m [kvledger] [34;1mLoadPreResetHeight[0m -> Loading prereset height from path [/home/priyanku/Desktop/major-project/client/hosp2/hosp2-peer1/ledger/ledgersData/chains]
[33m2023-03-08 23:36:36.892 IST 0044 WARN[0m [lifecycle] [33;1mWork[0m -> could not launch chaincode 'accessControl_1_3:6649dc3e6a0b4925f57a6bbb655ffec115bab60b19e7c55dae0b4de56a96c777': chaincode registration failed: container exited with 1
[34m2023-03-08 23:36:40.913 IST 0045 INFO[0m [gossip.channel] [34;1mreportMembershipChanges[0m -> [[arogyaehrchannel] Membership view has changed. peers went online:  [[127.0.0.1:9111 localhost:53000]] , current view:  [[127.0.0.1:9111 localhost:53000]]]
[34m2023-03-08 23:36:41.915 IST 0046 INFO[0m [gossip.election] [34;1mbeLeader[0m -> e2fec1c2ae42a041e56cb1c6bd1302aff8f858cdcb6ce4a4bc6de68088483866 : Becoming a leader
[34m2023-03-08 23:36:41.915 IST 0047 INFO[0m [gossip.service] [34;1mfunc1[0m -> Elected as a leader, starting delivery service for channel arogyaehrchannel
[34m2023-03-08 23:36:41.915 IST 0048 INFO[0m [deliveryClient] [34;1mStartDeliverForChannel[0m -> This peer will retrieve blocks from ordering service and disseminate to other peers in the organization channel=arogyaehrchannel
[34m2023-03-08 23:36:41.917 IST 0049 INFO[0m [peer.blocksprovider] [34;1mDeliverBlocks[0m -> Pulling next blocks from ordering service channel=arogyaehrchannel orderer-address=localhost:7050 nextBlock=86
[33m2023-03-08 23:36:43.336 IST 004a WARN[0m [lifecycle] [33;1mWork[0m -> could not launch chaincode 'accessControl_1_7:1c3835a7b03dc6149401f8b9fb89af476bc4f7a8c74d20e7ecff4a325151f36a': chaincode registration failed: container exited with 1
[33m2023-03-08 23:36:46.353 IST 004b WARN[0m [lifecycle] [33;1mWork[0m -> could not launch chaincode 'medicalRecord-1.0:dfde34148e420399c197f11f9a140b20e0d0a4bf0c6e7714afbd765d70aadf26': chaincode registration failed: container exited with 1
[33m2023-03-08 23:36:51.950 IST 004c WARN[0m [lifecycle] [33;1mWork[0m -> could not launch chaincode 'accessControl_1_4:1da9586aebf3d6a5bb307bb38d5d0e2020e226095b5ef985eaa78b8bd7f751a8': chaincode registration failed: container exited with 127
[33m2023-03-08 23:37:07.409 IST 004d WARN[0m [lifecycle] [33;1mWork[0m -> could not launch chaincode 'medicalRecord_1_4:cd35de01c50a0597586644841924a52db797a7cfc252cdb0c7197f59c6be8f9e': chaincode registration failed: container exited with 1
[34m2023-03-08 23:40:35.807 IST 004e INFO[0m [lifecycle] [34;1mInstallChaincode[0m -> Successfully installed chaincode with package ID 'accessControlSimpleldb_1_0:3085fdc17424d838f4259f7ed14cecce39cc01188f1f5ea689e74eef4f7ac29e'
[34m2023-03-08 23:40:35.807 IST 004f INFO[0m [endorser] [34;1mcallChaincode[0m -> finished chaincode: _lifecycle duration: 6280ms channel= txID=bdb2e6d9
[34m2023-03-08 23:40:35.807 IST 0050 INFO[0m [comm.grpc.server] [34;1m1[0m -> unary call completed grpc.service=protos.Endorser grpc.method=ProcessProposal grpc.peer_address=127.0.0.1:46616 grpc.code=OK grpc.call_duration=6.281613823s
[34m2023-03-08 23:43:18.998 IST 0051 INFO[0m [gossip.privdata] [34;1mStoreBlock[0m -> Received block [86] from buffer channel=arogyaehrchannel
[34m2023-03-08 23:43:19.001 IST 0052 INFO[0m [committer.txvalidator] [34;1mValidate[0m -> [arogyaehrchannel] Validated block [86] in 3ms
[34m2023-03-08 23:43:19.021 IST 0053 INFO[0m [kvledger] [34;1mcommit[0m -> [arogyaehrchannel] Committed block [86] with 1 transaction(s) in 19ms (state_validation=0ms block_and_pvtdata_commit=10ms state_commit=3ms) commitHash=[d6266181f89918ef00cd9365851083a04b65d9599a0fc3be075769bb4ad3b115]
[34m2023-03-08 23:43:21.072 IST 0054 INFO[0m [gossip.privdata] [34;1mStoreBlock[0m -> Received block [87] from buffer channel=arogyaehrchannel
[34m2023-03-08 23:43:21.076 IST 0055 INFO[0m [committer.txvalidator] [34;1mValidate[0m -> [arogyaehrchannel] Validated block [87] in 3ms
[34m2023-03-08 23:43:21.095 IST 0056 INFO[0m [kvledger] [34;1mcommit[0m -> [arogyaehrchannel] Committed block [87] with 1 transaction(s) in 19ms (state_validation=0ms block_and_pvtdata_commit=10ms state_commit=4ms) commitHash=[01334e349f7ccd1489cd9ee255983e9f8e9a0804ae1063ffe237bd0ac168012f]
[34m2023-03-08 23:43:23.151 IST 0057 INFO[0m [gossip.privdata] [34;1mStoreBlock[0m -> Received block [88] from buffer channel=arogyaehrchannel
[34m2023-03-08 23:43:23.152 IST 0058 INFO[0m [committer.txvalidator] [34;1mValidate[0m -> [arogyaehrchannel] Validated block [88] in 0ms
[34m2023-03-08 23:43:23.152 IST 0059 INFO[0m [gossip.privdata] [34;1mRetrievePvtdata[0m -> Successfully fetched all 1 eligible collection private write sets for block [88] (0 from local cache, 1 from transient store, 0 from other peers) channel=arogyaehrchannel
[34m2023-03-08 23:43:23.169 IST 005a INFO[0m [kvledger] [34;1mcommit[0m -> [arogyaehrchannel] Committed block [88] with 1 transaction(s) in 16ms (state_validation=0ms block_and_pvtdata_commit=8ms state_commit=3ms) commitHash=[0f5d4b74bad58c148f2fc05752b7ab0147ef6a55213194e33e038f524385b50e]
[34m2023-03-08 23:43:42.730 IST 005b INFO[0m [lifecycle] [34;1mCheckCommitReadiness[0m -> Successfully checked commit readiness of chaincode name 'accessControlSimpleldb_1_0' on channel 'arogyaehrchannel' with definition {sequence: 1, endorsement info: (version: '1_0', plugin: 'escc', init required: false), validation info: (plugin: 'vscc', policy: '12202f4368616e6e656c2f4170706c69636174696f6e2f456e646f7273656d656e74'), collections: (<nil>)}
[34m2023-03-08 23:43:42.731 IST 005c INFO[0m [lifecycle] [34;1mCommitChaincodeDefinition[0m -> Successfully endorsed commit for chaincode name 'accessControlSimpleldb_1_0' on channel 'arogyaehrchannel' with definition {sequence: 1, endorsement info: (version: '1_0', plugin: 'escc', init required: false), validation info: (plugin: 'vscc', policy: '12202f4368616e6e656c2f4170706c69636174696f6e2f456e646f7273656d656e74'), collections: (<nil>)}
[34m2023-03-08 23:43:42.731 IST 005d INFO[0m [endorser] [34;1mcallChaincode[0m -> finished chaincode: _lifecycle duration: 1ms channel=arogyaehrchannel txID=d79533fd
[34m2023-03-08 23:43:42.731 IST 005e INFO[0m [comm.grpc.server] [34;1m1[0m -> unary call completed grpc.service=protos.Endorser grpc.method=ProcessProposal grpc.peer_address=127.0.0.1:53272 grpc.code=OK grpc.call_duration=1.698615ms
[34m2023-03-08 23:43:44.741 IST 005f INFO[0m [gossip.privdata] [34;1mStoreBlock[0m -> Received block [89] from buffer channel=arogyaehrchannel
[34m2023-03-08 23:43:44.748 IST 0060 INFO[0m [committer.txvalidator] [34;1mValidate[0m -> [arogyaehrchannel] Validated block [89] in 7ms
[34m2023-03-08 23:43:44.749 IST 0061 INFO[0m [lifecycle] [34;1mupdate[0m -> Updating cached definition for chaincode 'accessControlSimpleldb_1_0' on channel 'arogyaehrchannel'
[34m2023-03-08 23:43:44.749 IST 0062 INFO[0m [lifecycle] [34;1mupdate[0m -> Chaincode with package ID 'accessControlSimpleldb_1_0:3085fdc17424d838f4259f7ed14cecce39cc01188f1f5ea689e74eef4f7ac29e' now available on channel arogyaehrchannel for chaincode definition accessControlSimpleldb_1_0:1_0
[34m2023-03-08 23:43:44.752 IST 0063 INFO[0m [cceventmgmt] [34;1mHandleStateUpdates[0m -> Channel [arogyaehrchannel]: Handling deploy or update of chaincode [accessControlSimpleldb_1_0]
[34m2023-03-08 23:43:44.792 IST 0064 INFO[0m [kvledger] [34;1mcommit[0m -> [arogyaehrchannel] Committed block [89] with 1 transaction(s) in 43ms (state_validation=3ms block_and_pvtdata_commit=24ms state_commit=8ms) commitHash=[c633685db4cb1a15f1ce8c834991594adc1dbf9af447869f578ee95b148fc735]
[34m2023-03-08 23:43:44.801 IST 0065 INFO[0m [comm.grpc.server] [34;1m1[0m -> streaming call completed grpc.service=protos.Deliver grpc.method=DeliverFiltered grpc.request_deadline=2023-03-08T23:44:12.731+05:30 grpc.peer_address=127.0.0.1:53288 error="context finished before block retrieved: context canceled" grpc.code=Unknown grpc.call_duration=2.069326786s
[34m2023-03-09 00:14:24.526 IST 0066 INFO[0m [gossip.privdata] [34;1mStoreBlock[0m -> Received block [90] from buffer channel=arogyaehrchannel
[34m2023-03-09 00:14:24.528 IST 0067 INFO[0m [committer.txvalidator] [34;1mValidate[0m -> [arogyaehrchannel] Validated block [90] in 1ms
[34m2023-03-09 00:14:24.619 IST 0068 INFO[0m [kvledger] [34;1mcommit[0m -> [arogyaehrchannel] Committed block [90] with 1 transaction(s) in 91ms (state_validation=0ms block_and_pvtdata_commit=9ms state_commit=78ms) commitHash=[b8f559ed1c4419f779ffea443e305e80eec72900f2f25c347ec41d26ff47c270]
[34m2023-03-09 00:24:25.420 IST 0069 INFO[0m [lifecycle] [34;1mInstallChaincode[0m -> Successfully installed chaincode with package ID 'accessControlSimpleldb_1_1:3a92b125e1c479c7ec7adfd7f6a892b63d79851c7b206878a139e587dfa22ae6'
[34m2023-03-09 00:24:25.420 IST 006a INFO[0m [endorser] [34;1mcallChaincode[0m -> finished chaincode: _lifecycle duration: 5098ms channel= txID=a62f66ca
[34m2023-03-09 00:24:25.420 IST 006b INFO[0m [comm.grpc.server] [34;1m1[0m -> unary call completed grpc.service=protos.Endorser grpc.method=ProcessProposal grpc.peer_address=127.0.0.1:50592 grpc.code=OK grpc.call_duration=5.099230827s
[34m2023-03-09 00:25:30.459 IST 006c INFO[0m [gossip.privdata] [34;1mStoreBlock[0m -> Received block [91] from buffer channel=arogyaehrchannel
[34m2023-03-09 00:25:30.459 IST 006d INFO[0m [committer.txvalidator] [34;1mValidate[0m -> [arogyaehrchannel] Validated block [91] in 0ms
[34m2023-03-09 00:25:30.480 IST 006e INFO[0m [kvledger] [34;1mcommit[0m -> [arogyaehrchannel] Committed block [91] with 1 transaction(s) in 20ms (state_validation=0ms block_and_pvtdata_commit=12ms state_commit=3ms) commitHash=[b8e40bf9453057c3d936cf104082a03cb644b80f643e0762bd82ca5841fff908]
[34m2023-03-09 00:25:32.542 IST 006f INFO[0m [gossip.privdata] [34;1mStoreBlock[0m -> Received block [92] from buffer channel=arogyaehrchannel
[34m2023-03-09 00:25:32.543 IST 0070 INFO[0m [committer.txvalidator] [34;1mValidate[0m -> [arogyaehrchannel] Validated block [92] in 0ms
[34m2023-03-09 00:25:32.560 IST 0071 INFO[0m [kvledger] [34;1mcommit[0m -> [arogyaehrchannel] Committed block [92] with 1 transaction(s) in 17ms (state_validation=0ms block_and_pvtdata_commit=7ms state_commit=4ms) commitHash=[de523ad125b2431e05943834abd30d9d16e13b8583c14e9a3d2500e1e5b34f3b]
[34m2023-03-09 00:25:34.618 IST 0072 INFO[0m [gossip.privdata] [34;1mStoreBlock[0m -> Received block [93] from buffer channel=arogyaehrchannel
[34m2023-03-09 00:25:34.619 IST 0073 INFO[0m [committer.txvalidator] [34;1mValidate[0m -> [arogyaehrchannel] Validated block [93] in 1ms
[34m2023-03-09 00:25:34.620 IST 0074 INFO[0m [gossip.privdata] [34;1mRetrievePvtdata[0m -> Successfully fetched all 1 eligible collection private write sets for block [93] (0 from local cache, 1 from transient store, 0 from other peers) channel=arogyaehrchannel
[34m2023-03-09 00:25:34.648 IST 0075 INFO[0m [kvledger] [34;1mcommit[0m -> [arogyaehrchannel] Committed block [93] with 1 transaction(s) in 28ms (state_validation=0ms block_and_pvtdata_commit=20ms state_commit=3ms) commitHash=[2fd8405d4286e79cdcaafb015239343296ceea97594b280cf68d9438d00df2af]
[34m2023-03-09 00:25:51.753 IST 0076 INFO[0m [lifecycle] [34;1mCheckCommitReadiness[0m -> Successfully checked commit readiness of chaincode name 'accessControlSimpleldb_1_0' on channel 'arogyaehrchannel' with definition {sequence: 2, endorsement info: (version: '1_0', plugin: 'escc', init required: false), validation info: (plugin: 'vscc', policy: '12202f4368616e6e656c2f4170706c69636174696f6e2f456e646f7273656d656e74'), collections: (<nil>)}
[34m2023-03-09 00:25:51.753 IST 0077 INFO[0m [lifecycle] [34;1mCommitChaincodeDefinition[0m -> Successfully endorsed commit for chaincode name 'accessControlSimpleldb_1_0' on channel 'arogyaehrchannel' with definition {sequence: 2, endorsement info: (version: '1_0', plugin: 'escc', init required: false), validation info: (plugin: 'vscc', policy: '12202f4368616e6e656c2f4170706c69636174696f6e2f456e646f7273656d656e74'), collections: (<nil>)}
[34m2023-03-09 00:25:51.753 IST 0078 INFO[0m [endorser] [34;1mcallChaincode[0m -> finished chaincode: _lifecycle duration: 0ms channel=arogyaehrchannel txID=45c0bb4d
[34m2023-03-09 00:25:51.753 IST 0079 INFO[0m [comm.grpc.server] [34;1m1[0m -> unary call completed grpc.service=protos.Endorser grpc.method=ProcessProposal grpc.peer_address=127.0.0.1:60004 grpc.code=OK grpc.call_duration=1.091839ms
[34m2023-03-09 00:25:53.761 IST 007a INFO[0m [gossip.privdata] [34;1mStoreBlock[0m -> Received block [94] from buffer channel=arogyaehrchannel
[34m2023-03-09 00:25:53.763 IST 007b INFO[0m [committer.txvalidator] [34;1mValidate[0m -> [arogyaehrchannel] Validated block [94] in 1ms
[34m2023-03-09 00:25:53.763 IST 007c INFO[0m [lifecycle] [34;1mupdate[0m -> Updating cached definition for chaincode 'accessControlSimpleldb_1_0' on channel 'arogyaehrchannel'
[34m2023-03-09 00:25:53.763 IST 007d INFO[0m [lifecycle] [34;1mupdate[0m -> Chaincode with package ID 'accessControlSimpleldb_1_1:3a92b125e1c479c7ec7adfd7f6a892b63d79851c7b206878a139e587dfa22ae6' now available on channel arogyaehrchannel for chaincode definition accessControlSimpleldb_1_0:1_0
[34m2023-03-09 00:25:53.764 IST 007e INFO[0m [cceventmgmt] [34;1mHandleStateUpdates[0m -> Channel [arogyaehrchannel]: Handling deploy or update of chaincode [accessControlSimpleldb_1_0]
[34m2023-03-09 00:25:53.789 IST 007f INFO[0m [kvledger] [34;1mcommit[0m -> [arogyaehrchannel] Committed block [94] with 1 transaction(s) in 26ms (state_validation=1ms block_and_pvtdata_commit=14ms state_commit=7ms) commitHash=[8f8d992a0bc926c8c345aba3ec29b054ed50ad7174eeb3a4dac8b10294a29030]
[34m2023-03-09 00:25:53.798 IST 0080 INFO[0m [comm.grpc.server] [34;1m1[0m -> streaming call completed grpc.service=protos.Deliver grpc.method=DeliverFiltered grpc.request_deadline=2023-03-09T00:26:21.753+05:30 grpc.peer_address=127.0.0.1:60006 error="context finished before block retrieved: context canceled" grpc.code=Unknown grpc.call_duration=2.045112695s
[34m2023-03-09 00:31:10.405 IST 0081 INFO[0m [lifecycle] [34;1mInstallChaincode[0m -> Successfully installed chaincode with package ID 'medicalRecordSimpleldb_1_0:eb5182f0655a3fd5c40777f02314a5b89743075aa49eb1c89986894836a531e3'
[34m2023-03-09 00:31:10.405 IST 0082 INFO[0m [endorser] [34;1mcallChaincode[0m -> finished chaincode: _lifecycle duration: 5452ms channel= txID=a5417647
[34m2023-03-09 00:31:10.405 IST 0083 INFO[0m [comm.grpc.server] [34;1m1[0m -> unary call completed grpc.service=protos.Endorser grpc.method=ProcessProposal grpc.peer_address=127.0.0.1:42700 grpc.code=OK grpc.call_duration=5.453320181s
[34m2023-03-09 00:35:17.859 IST 0084 INFO[0m [gossip.privdata] [34;1mStoreBlock[0m -> Received block [95] from buffer channel=arogyaehrchannel
[34m2023-03-09 00:35:17.859 IST 0085 INFO[0m [committer.txvalidator] [34;1mValidate[0m -> [arogyaehrchannel] Validated block [95] in 0ms
[34m2023-03-09 00:35:17.877 IST 0086 INFO[0m [kvledger] [34;1mcommit[0m -> [arogyaehrchannel] Committed block [95] with 1 transaction(s) in 17ms (state_validation=0ms block_and_pvtdata_commit=9ms state_commit=3ms) commitHash=[01ef80f3dfb8d3e6de7ba1d01a3d7aec702374b010e434b0cfa32ec221b029a1]
[34m2023-03-09 00:35:19.932 IST 0087 INFO[0m [gossip.privdata] [34;1mStoreBlock[0m -> Received block [96] from buffer channel=arogyaehrchannel
[34m2023-03-09 00:35:19.933 IST 0088 INFO[0m [committer.txvalidator] [34;1mValidate[0m -> [arogyaehrchannel] Validated block [96] in 0ms
[34m2023-03-09 00:35:19.950 IST 0089 INFO[0m [kvledger] [34;1mcommit[0m -> [arogyaehrchannel] Committed block [96] with 1 transaction(s) in 16ms (state_validation=0ms block_and_pvtdata_commit=7ms state_commit=4ms) commitHash=[a8310c684cf1a5e8614bc3e4bffd5e075c7fa61d241f75161d0cb9f12be0ebc6]
[34m2023-03-09 00:35:22.006 IST 008a INFO[0m [gossip.privdata] [34;1mStoreBlock[0m -> Received block [97] from buffer channel=arogyaehrchannel
[34m2023-03-09 00:35:22.007 IST 008b INFO[0m [committer.txvalidator] [34;1mValidate[0m -> [arogyaehrchannel] Validated block [97] in 0ms
[34m2023-03-09 00:35:22.007 IST 008c INFO[0m [gossip.privdata] [34;1mRetrievePvtdata[0m -> Successfully fetched all 1 eligible collection private write sets for block [97] (0 from local cache, 1 from transient store, 0 from other peers) channel=arogyaehrchannel
[34m2023-03-09 00:35:22.025 IST 008d INFO[0m [kvledger] [34;1mcommit[0m -> [arogyaehrchannel] Committed block [97] with 1 transaction(s) in 17ms (state_validation=0ms block_and_pvtdata_commit=9ms state_commit=4ms) commitHash=[63a067811dbaa265c4884242830c93e4c515d6197286e4ef16f5adedbbc9e9e7]
[34m2023-03-09 00:35:47.503 IST 008e INFO[0m [lifecycle] [34;1mCheckCommitReadiness[0m -> Successfully checked commit readiness of chaincode name 'medicalRecordSimpleldb_1_0' on channel 'arogyaehrchannel' with definition {sequence: 1, endorsement info: (version: '1_0', plugin: 'escc', init required: false), validation info: (plugin: 'vscc', policy: '12202f4368616e6e656c2f4170706c69636174696f6e2f456e646f7273656d656e74'), collections: (<nil>)}
[34m2023-03-09 00:35:47.503 IST 008f INFO[0m [lifecycle] [34;1mCommitChaincodeDefinition[0m -> Successfully endorsed commit for chaincode name 'medicalRecordSimpleldb_1_0' on channel 'arogyaehrchannel' with definition {sequence: 1, endorsement info: (version: '1_0', plugin: 'escc', init required: false), validation info: (plugin: 'vscc', policy: '12202f4368616e6e656c2f4170706c69636174696f6e2f456e646f7273656d656e74'), collections: (<nil>)}
[34m2023-03-09 00:35:47.503 IST 0090 INFO[0m [endorser] [34;1mcallChaincode[0m -> finished chaincode: _lifecycle duration: 0ms channel=arogyaehrchannel txID=07044c18
[34m2023-03-09 00:35:47.504 IST 0091 INFO[0m [comm.grpc.server] [34;1m1[0m -> unary call completed grpc.service=protos.Endorser grpc.method=ProcessProposal grpc.peer_address=127.0.0.1:38552 grpc.code=OK grpc.call_duration=1.075282ms
[34m2023-03-09 00:35:49.512 IST 0092 INFO[0m [gossip.privdata] [34;1mStoreBlock[0m -> Received block [98] from buffer channel=arogyaehrchannel
[34m2023-03-09 00:35:49.514 IST 0093 INFO[0m [committer.txvalidator] [34;1mValidate[0m -> [arogyaehrchannel] Validated block [98] in 1ms
[34m2023-03-09 00:35:49.514 IST 0094 INFO[0m [lifecycle] [34;1mupdate[0m -> Updating cached definition for chaincode 'medicalRecordSimpleldb_1_0' on channel 'arogyaehrchannel'
[34m2023-03-09 00:35:49.514 IST 0095 INFO[0m [lifecycle] [34;1mupdate[0m -> Chaincode with package ID 'medicalRecordSimpleldb_1_0:eb5182f0655a3fd5c40777f02314a5b89743075aa49eb1c89986894836a531e3' now available on channel arogyaehrchannel for chaincode definition medicalRecordSimpleldb_1_0:1_0
[34m2023-03-09 00:35:49.515 IST 0096 INFO[0m [cceventmgmt] [34;1mHandleStateUpdates[0m -> Channel [arogyaehrchannel]: Handling deploy or update of chaincode [medicalRecordSimpleldb_1_0]
[34m2023-03-09 00:35:49.545 IST 0097 INFO[0m [kvledger] [34;1mcommit[0m -> [arogyaehrchannel] Committed block [98] with 1 transaction(s) in 31ms (state_validation=1ms block_and_pvtdata_commit=18ms state_commit=6ms) commitHash=[6b0a27369285b52718c8e5c5d9f959520f616bc25e0780296e0f1f28c4628f73]
[34m2023-03-09 00:35:49.585 IST 0098 INFO[0m [comm.grpc.server] [34;1m1[0m -> streaming call completed grpc.service=protos.Deliver grpc.method=DeliverFiltered grpc.request_deadline=2023-03-09T00:36:17.504+05:30 grpc.peer_address=127.0.0.1:38568 error="context finished before block retrieved: context canceled" grpc.code=Unknown grpc.call_duration=2.080900198s
[34m2023-03-09 01:17:11.701 IST 0099 INFO[0m [gossip.privdata] [34;1mStoreBlock[0m -> Received block [99] from buffer channel=arogyaehrchannel
[34m2023-03-09 01:17:11.705 IST 009a INFO[0m [committer.txvalidator] [34;1mValidate[0m -> [arogyaehrchannel] Validated block [99] in 3ms
[34m2023-03-09 01:17:11.732 IST 009b INFO[0m [kvledger] [34;1mcommit[0m -> [arogyaehrchannel] Committed block [99] with 1 transaction(s) in 27ms (state_validation=0ms block_and_pvtdata_commit=20ms state_commit=3ms) commitHash=[9f65b4d01d825869685c1f62d9e1603eb92c46dc784b58ac7df1cd2541076a4d]
[34m2023-03-09 01:18:30.183 IST 009c INFO[0m [gossip.privdata] [34;1mStoreBlock[0m -> Received block [100] from buffer channel=arogyaehrchannel
[34m2023-03-09 01:18:30.186 IST 009d INFO[0m [committer.txvalidator] [34;1mValidate[0m -> [arogyaehrchannel] Validated block [100] in 2ms
[34m2023-03-09 01:18:30.206 IST 009e INFO[0m [kvledger] [34;1mcommit[0m -> [arogyaehrchannel] Committed block [100] with 1 transaction(s) in 19ms (state_validation=0ms block_and_pvtdata_commit=12ms state_commit=3ms) commitHash=[fdb0264883fb6d335a5cfc408a140a7654524ff8885c2b051a0e82591121dc84]
[34m2023-03-09 01:34:04.643 IST 009f INFO[0m [gossip.privdata] [34;1mStoreBlock[0m -> Received block [101] from buffer channel=arogyaehrchannel
[34m2023-03-09 01:34:04.643 IST 00a0 INFO[0m [committer.txvalidator] [34;1mValidate[0m -> [arogyaehrchannel] Validated block [101] in 0ms
[34m2023-03-09 01:34:04.661 IST 00a1 INFO[0m [kvledger] [34;1mcommit[0m -> [arogyaehrchannel] Committed block [101] with 1 transaction(s) in 17ms (state_validation=0ms block_and_pvtdata_commit=7ms state_commit=6ms) commitHash=[b738d28f06c1b6145abdd9317afa3b6dd5aaf314c197b9828d7ca3d1834f6000]
[34m2023-03-09 01:36:03.625 IST 00a2 INFO[0m [gossip.privdata] [34;1mStoreBlock[0m -> Received block [102] from buffer channel=arogyaehrchannel
[34m2023-03-09 01:36:03.626 IST 00a3 INFO[0m [committer.txvalidator] [34;1mValidate[0m -> [arogyaehrchannel] Validated block [102] in 0ms
[34m2023-03-09 01:36:03.645 IST 00a4 INFO[0m [kvledger] [34;1mcommit[0m -> [arogyaehrchannel] Committed block [102] with 1 transaction(s) in 18ms (state_validation=0ms block_and_pvtdata_commit=12ms state_commit=3ms) commitHash=[3110d1ff19ea616331869e09f5b2688c726c441f5c4f2d621ab90ee3f48dac65]
[34m2023-03-09 01:38:39.186 IST 00a5 INFO[0m [gossip.privdata] [34;1mStoreBlock[0m -> Received block [103] from buffer channel=arogyaehrchannel
[34m2023-03-09 01:38:39.187 IST 00a6 INFO[0m [committer.txvalidator] [34;1mValidate[0m -> [arogyaehrchannel] Validated block [103] in 0ms
[34m2023-03-09 01:38:39.205 IST 00a7 INFO[0m [kvledger] [34;1mcommit[0m -> [arogyaehrchannel] Committed block [103] with 1 transaction(s) in 17ms (state_validation=0ms block_and_pvtdata_commit=10ms state_commit=3ms) commitHash=[d4f4e23deea6515c22d6fbd61482e2d97918661c4d7694b4bb770fb9a4798645]
[34m2023-03-09 01:39:59.399 IST 00a8 INFO[0m [gossip.privdata] [34;1mStoreBlock[0m -> Received block [104] from buffer channel=arogyaehrchannel
[34m2023-03-09 01:39:59.401 IST 00a9 INFO[0m [committer.txvalidator] [34;1mValidate[0m -> [arogyaehrchannel] Validated block [104] in 2ms
[34m2023-03-09 01:39:59.487 IST 00aa INFO[0m [kvledger] [34;1mcommit[0m -> [arogyaehrchannel] Committed block [104] with 1 transaction(s) in 85ms (state_validation=0ms block_and_pvtdata_commit=78ms state_commit=3ms) commitHash=[64e4dc7fd5bf25cf7b995a98319fd90cdff665d48c8a0a88b69beea2f0b47c5b]
[34m2023-03-09 01:43:28.318 IST 00ab INFO[0m [gossip.privdata] [34;1mStoreBlock[0m -> Received block [105] from buffer channel=arogyaehrchannel
[34m2023-03-09 01:43:28.319 IST 00ac INFO[0m [committer.txvalidator] [34;1mValidate[0m -> [arogyaehrchannel] Validated block [105] in 0ms
[34m2023-03-09 01:43:28.335 IST 00ad INFO[0m [kvledger] [34;1mcommit[0m -> [arogyaehrchannel] Committed block [105] with 1 transaction(s) in 16ms (state_validation=0ms block_and_pvtdata_commit=8ms state_commit=3ms) commitHash=[ee20ddd736261ac27602172a3deff658b26e75e03e35ca3bb0d04a8ddc8aa0a0]
[34m2023-03-09 01:59:01.469 IST 00ae INFO[0m [nodeCmd] [34;1mfunc1[0m -> Received signal: 15 (terminated)
[33m2023-03-09 01:59:01.494 IST 00af WARN[0m [container] [33;1mfunc1[0m -> failed to stop chaincode ccid=accessControl_2_0:cf346c7b87b7a979e13b0de73702f4d9a8deda504187c006ff3dfac20496d513 error="No such container: dev-hosp2-peer1-accessControl_2_0-cf346c7b87b7a979e13b0de73702f4d9a8deda504187c006ff3dfac20496d513"
[33m2023-03-09 01:59:01.496 IST 00b0 WARN[0m [container] [33;1mfunc1[0m -> failed to stop chaincode ccid=medicalRecord-1.2:dfcd8354cc38e3a7c37b315305c6daae02ad20f96f98710bdf0f8fc876f9148a error="No such container: dev-hosp2-peer1-medicalRecord-1.2-dfcd8354cc38e3a7c37b315305c6daae02ad20f96f98710bdf0f8fc876f9148a"
[33m2023-03-09 01:59:01.505 IST 00b1 WARN[0m [container] [33;1mfunc1[0m -> failed to stop chaincode ccid=accessControl_2_2:29a5fce3618ed4315b01af556f27059dde4a004e2cd6b084287b7d6b9522fe69 error="No such container: dev-hosp2-peer1-accessControl_2_2-29a5fce3618ed4315b01af556f27059dde4a004e2cd6b084287b7d6b9522fe69"
[33m2023-03-09 01:59:01.505 IST 00b2 WARN[0m [container] [33;1mfunc1[0m -> failed to stop chaincode ccid=accessControl_1_9:689c233b9689c8ced3b8fdfb9ef2c7fb545a678d51f070bfd5ab4b9e6e3389e8 error="No such container: dev-hosp2-peer1-accessControl_1_9-689c233b9689c8ced3b8fdfb9ef2c7fb545a678d51f070bfd5ab4b9e6e3389e8"
[33m2023-03-09 01:59:01.516 IST 00b3 WARN[0m [container] [33;1mfunc1[0m -> failed to stop chaincode ccid=accessControlSimpleldb_1_0:3085fdc17424d838f4259f7ed14cecce39cc01188f1f5ea689e74eef4f7ac29e error="No such container: dev-hosp2-peer1-accessControlSimpleldb_1_0-3085fdc17424d838f4259f7ed14cecce39cc01188f1f5ea689e74eef4f7ac29e"
[33m2023-03-09 01:59:01.519 IST 00b4 WARN[0m [container] [33;1mfunc1[0m -> failed to stop chaincode ccid=medicalRecord_1.3:50ae1277bb4ba4b5073430c81a3bafb3f52dea0f7069619efb64419f0909a69f error="No such container: dev-hosp2-peer1-medicalRecord_1.3-50ae1277bb4ba4b5073430c81a3bafb3f52dea0f7069619efb64419f0909a69f"
[33m2023-03-09 01:59:01.519 IST 00b5 WARN[0m [container] [33;1mfunc1[0m -> failed to stop chaincode ccid=medicalRecord_2_1:ee88bab1cfdae5533034ad48f5234127db744b28098dae0475e2873286561471 error="No such container: dev-hosp2-peer1-medicalRecord_2_1-ee88bab1cfdae5533034ad48f5234127db744b28098dae0475e2873286561471"
[34m2023-03-09 01:59:03.848 IST 00b6 INFO[0m [gossip.service] [34;1mStop[0m -> Stopping chain arogyaehrchannel
[34m2023-03-09 01:59:03.848 IST 00b7 INFO[0m [gossip.service] [34;1mStop[0m -> Stopping leader election for arogyaehrchannel
[34m2023-03-09 01:59:03.848 IST 00b8 INFO[0m [gossip.gossip] [34;1mStop[0m -> Stopping gossip
[34m2023-03-09 01:59:03.848 IST 00b9 INFO[0m [gossip.discovery] [34;1mStop[0m -> Stopping
[34m2023-03-09 01:59:03.848 IST 00ba INFO[0m [gossip.discovery] [34;1mStop[0m -> Stopped
[34m2023-03-09 01:59:03.848 IST 00bb INFO[0m [gossip.comm] [34;1mStop[0m -> Stopping
[33m2023-03-09 01:59:03.848 IST 00bc WARN[0m [peer.blocksprovider] [33;1mfunc1[0m -> Encountered an error reading from deliver stream: rpc error: code = Canceled desc = context canceled channel=arogyaehrchannel orderer-address=localhost:7050
[34m2023-03-09 01:59:03.848 IST 00bd INFO[0m [gossip.comm] [34;1mStop[0m -> Stopped
[34m2023-03-09 01:59:03.848 IST 00be INFO[0m [gossip.election] [34;1mstopBeingLeader[0m -> e2fec1c2ae42a041e56cb1c6bd1302aff8f858cdcb6ce4a4bc6de68088483866 Stopped being a leader
[34m2023-03-09 01:59:03.848 IST 00bf INFO[0m [gossip.service] [34;1mfunc1[0m -> Renounced leadership, stopping delivery service for channel arogyaehrchannel
[31m2023-03-09 01:59:03.848 IST 00c0 ERRO[0m [deliveryClient] [31;1mStopDeliverForChannel[0m -> Delivery service is stopping, cannot stop delivery for channel arogyaehrchannel
[31m2023-03-09 01:59:03.849 IST 00c1 ERRO[0m [gossip.service] [31;1mfunc1[0m -> Delivery service is not able to stop blocks delivery for chain, due to Delivery service is stopping, cannot stop delivery for channel arogyaehrchannel
